  rec_building.cpp
C:\Users\Kaiyu Zhang\source\repos\Project5\Project5\rec_building_fun.h(8,1): warning C4005: “MAX”: 宏重定义
C:\opencv\build\include\opencv2\core\cvdef.h(423): message : 参见“MAX”的前一个定义
C:\Users\Kaiyu Zhang\source\repos\Project5\Project5\rec_building_fun.h(33,2): warning C4091: “typedef ”: 没有声明变量时忽略“Region”的左侧
C:\Users\Kaiyu Zhang\source\repos\Project5\Project5\rec_building_fun.h(403,27): warning C4244: “=”: 从“float”转换到“_Tp”，可能丢失数据
          with
          [
              _Tp=int
          ]
C:\Users\Kaiyu Zhang\source\repos\Project5\Project5\rec_building_fun.h(418,27): warning C4244: “=”: 从“float”转换到“_Tp”，可能丢失数据
          with
          [
              _Tp=int
          ]
C:\Users\Kaiyu Zhang\source\repos\Project5\Project5\rec_building_fun.h(446,11): warning C4244: “=”: 从“double”转换到“int”，可能丢失数据
C:\Users\Kaiyu Zhang\source\repos\Project5\Project5\rec_building_fun.h(447,6): warning C4244: “=”: 从“double”转换到“int”，可能丢失数据
C:\Users\Kaiyu Zhang\source\repos\Project5\Project5\rec_building_fun.h(531,32): warning C4244: “参数”: 从“double”转换到“float”，可能丢失数据
C:\Users\Kaiyu Zhang\source\repos\Project5\Project5\rec_building_fun.h(531,27): warning C4244: “参数”: 从“double”转换到“float”，可能丢失数据
C:\Users\Kaiyu Zhang\source\repos\Project5\Project5\rec_building.cpp(42,10): warning C4244: “初始化”: 从“double”转换到“int”，可能丢失数据
  Project5.vcxproj -> C:\Users\Kaiyu Zhang\source\repos\Project5\x64\Debug\Project5.exe
